<?xml version="1.0" encoding="UTF-8"?>
<testng-results ignored="0" total="1" passed="1" failed="0" skipped="0">
  <reporter-output>
  </reporter-output>
  <suite started-at="2018-06-11T20:20:46Z" name="Default suite" finished-at="2018-06-11T20:20:53Z" duration-ms="6831">
    <groups>
    </groups>
    <test started-at="2018-06-11T20:20:46Z" name="Default test" finished-at="2018-06-11T20:20:53Z" duration-ms="6831">
      <class name="com.crm.qa.testcases.LoginPageTest">
        <test-method is-config="true" signature="setUp()[pri:0, instance:com.crm.qa.testcases.LoginPageTest@2898ac89]" started-at="2018-06-11T20:20:46Z" name="setUp" finished-at="2018-06-11T20:20:52Z" duration-ms="6104" status="PASS">
          <reporter-output>
          </reporter-output>
        </test-method> <!-- setUp -->
        <test-method signature="testLogin()[pri:0, instance:com.crm.qa.testcases.LoginPageTest@2898ac89]" started-at="2018-06-11T20:20:52Z" name="testLogin" finished-at="2018-06-11T20:20:52Z" duration-ms="15" status="PASS">
          <reporter-output>
          </reporter-output>
        </test-method> <!-- testLogin -->
        <test-method is-config="true" signature="TearDown()[pri:0, instance:com.crm.qa.testcases.LoginPageTest@2898ac89]" started-at="2018-06-11T20:20:52Z" name="TearDown" finished-at="2018-06-11T20:20:53Z" duration-ms="694" status="PASS">
          <reporter-output>
          </reporter-output>
        </test-method> <!-- TearDown -->
      </class> <!-- com.crm.qa.testcases.LoginPageTest -->
    </test> <!-- Default test -->
  </suite> <!-- Default suite -->
</testng-results>
