<?xml version="1.0" encoding="UTF-8"?>
<testng-results ignored="0" total="1" passed="1" failed="0" skipped="0">
  <reporter-output>
  </reporter-output>
  <suite started-at="2018-06-11T21:48:52Z" name="FREE CRM Application Test Automation Test Suite" finished-at="2018-06-11T21:48:59Z" duration-ms="6918">
    <groups>
    </groups>
    <test started-at="2018-06-11T21:48:52Z" name="Free CRM App Test Cases" finished-at="2018-06-11T21:48:59Z" duration-ms="6918">
      <class name="com.crm.qa.testcases.LoginPageTest">
        <test-method is-config="true" signature="setUp()[pri:0, instance:com.crm.qa.testcases.LoginPageTest@68267da0]" started-at="2018-06-11T21:48:52Z" name="setUp" finished-at="2018-06-11T21:48:58Z" duration-ms="6168" status="PASS">
          <reporter-output>
          </reporter-output>
        </test-method> <!-- setUp -->
        <test-method signature="testLogin()[pri:0, instance:com.crm.qa.testcases.LoginPageTest@68267da0]" started-at="2018-06-11T21:48:58Z" name="testLogin" finished-at="2018-06-11T21:48:58Z" duration-ms="23" status="PASS">
          <reporter-output>
          </reporter-output>
        </test-method> <!-- testLogin -->
        <test-method is-config="true" signature="TearDown()[pri:0, instance:com.crm.qa.testcases.LoginPageTest@68267da0]" started-at="2018-06-11T21:48:58Z" name="TearDown" finished-at="2018-06-11T21:48:59Z" duration-ms="697" status="PASS">
          <reporter-output>
          </reporter-output>
        </test-method> <!-- TearDown -->
      </class> <!-- com.crm.qa.testcases.LoginPageTest -->
    </test> <!-- Free CRM App Test Cases -->
  </suite> <!-- FREE CRM Application Test Automation Test Suite -->
</testng-results>
